0 info it worked if it ends with ok
1 verbose cli [ '/Users/roark/.nvm/versions/node/v8.9.4/bin/node',
1 verbose cli   '/Users/roark/Code/iview/node_modules/.bin/npm',
1 verbose cli   'run',
1 verbose cli   'webdev',
1 verbose cli   '--',
1 verbose cli   '--watch',
1 verbose cli   '--hide-modules',
1 verbose cli   '--progress',
1 verbose cli   '--mode',
1 verbose cli   'development' ]
2 info using npm@2.15.12
3 info using node@v8.9.4
4 warn invalid config loglevel="notice"
5 verbose run-script [ 'prewebdev', 'webdev', 'postwebdev' ]
6 info prewebdev @
7 info webdev @
8 verbose unsafe-perm in lifecycle true
9 info @ Failed to exec webdev script
10 verbose stack Error: @ webdev: `webpack --mode development "--watch" "--hide-modules" "--progress" "--mode" "development"`
10 verbose stack Exit status 1
10 verbose stack     at EventEmitter.<anonymous> (/Users/roark/Code/iview/node_modules/npm/lib/utils/lifecycle.js:217:16)
10 verbose stack     at emitTwo (events.js:126:13)
10 verbose stack     at EventEmitter.emit (events.js:214:7)
10 verbose stack     at ChildProcess.<anonymous> (/Users/roark/Code/iview/node_modules/npm/lib/utils/spawn.js:24:14)
10 verbose stack     at emitTwo (events.js:126:13)
10 verbose stack     at ChildProcess.emit (events.js:214:7)
10 verbose stack     at maybeClose (internal/child_process.js:925:16)
10 verbose stack     at Process.ChildProcess._handle.onexit (internal/child_process.js:209:5)
11 verbose pkgid @
12 verbose cwd /Users/roark/Code/iview
13 error Darwin 15.6.0
14 error argv "/Users/roark/.nvm/versions/node/v8.9.4/bin/node" "/Users/roark/Code/iview/node_modules/.bin/npm" "run" "webdev" "--" "--watch" "--hide-modules" "--progress" "--mode" "development"
15 error node v8.9.4
16 error npm  v2.15.12
17 error code ELIFECYCLE
18 error @ webdev: `webpack --mode development "--watch" "--hide-modules" "--progress" "--mode" "development"`
18 error Exit status 1
19 error Failed at the @ webdev script 'webpack --mode development "--watch" "--hide-modules" "--progress" "--mode" "development"'.
19 error This is most likely a problem with the  package,
19 error not with npm itself.
19 error Tell the author that this fails on your system:
19 error     webpack --mode development "--watch" "--hide-modules" "--progress" "--mode" "development"
19 error You can get information on how to open an issue for this project with:
19 error     npm bugs
19 error Or if that isn't available, you can get their info via:
19 error
19 error     npm owner ls
19 error There is likely additional logging output above.
20 verbose exit [ 1, true ]
